D:\NICK\DOCUMENTS\CSE386\OPENGLCSE386\OPENGLCSE386\RELEASE\TEXTURECOORDINATES.OBJ
D:\NICK\DOCUMENTS\CSE386\OPENGLCSE386\OPENGLCSE386\RELEASE\GLUTBASE.OBJ
D:\NICK\DOCUMENTS\CSE386\OPENGLCSE386\OPENGLCSE386\RELEASE\WAYPOINTCONTROLLER.OBJ
D:\NICK\DOCUMENTS\CSE386\OPENGLCSE386\OPENGLCSE386\RELEASE\VISUALOBJECT.OBJ
D:\NICK\DOCUMENTS\CSE386\OPENGLCSE386\OPENGLCSE386\RELEASE\TORUS.OBJ
D:\NICK\DOCUMENTS\CSE386\OPENGLCSE386\OPENGLCSE386\RELEASE\SPINNERCONTROLLER.OBJ
D:\NICK\DOCUMENTS\CSE386\OPENGLCSE386\OPENGLCSE386\RELEASE\SPHERE.OBJ
D:\NICK\DOCUMENTS\CSE386\OPENGLCSE386\OPENGLCSE386\RELEASE\SHAREDPROJECTIONANDVIEWING.OBJ
D:\NICK\DOCUMENTS\CSE386\OPENGLCSE386\OPENGLCSE386\RELEASE\PYRAMID.OBJ
D:\NICK\DOCUMENTS\CSE386\OPENGLCSE386\OPENGLCSE386\RELEASE\ORBITCONTROLLER.OBJ
D:\NICK\DOCUMENTS\CSE386\OPENGLCSE386\OPENGLCSE386\RELEASE\OPENGLAPPLICATIONBASE.OBJ
D:\NICK\DOCUMENTS\CSE386\OPENGLCSE386\OPENGLCSE386\RELEASE\MATERIAL.OBJ
D:\NICK\DOCUMENTS\CSE386\OPENGLCSE386\OPENGLCSE386\RELEASE\GLUTOBJECT.OBJ
D:\NICK\DOCUMENTS\CSE386\OPENGLCSE386\OPENGLCSE386\RELEASE\FLOOR2.OBJ
D:\NICK\DOCUMENTS\CSE386\OPENGLCSE386\OPENGLCSE386\RELEASE\FLOOR.OBJ
D:\NICK\DOCUMENTS\CSE386\OPENGLCSE386\OPENGLCSE386\RELEASE\CYLINDER.OBJ
D:\NICK\DOCUMENTS\CSE386\OPENGLCSE386\OPENGLCSE386\RELEASE\CUBE.OBJ
D:\NICK\DOCUMENTS\CSE386\OPENGLCSE386\OPENGLCSE386\RELEASE\CONTROLLER.OBJ
D:\NICK\DOCUMENTS\CSE386\OPENGLCSE386\OPENGLCSE386\RELEASE\CONE.OBJ
D:\NICK\DOCUMENTS\CSE386\OPENGLCSE386\OPENGLCSE386\RELEASE\BUILDSHADERPROGRAM.OBJ
D:\NICK\DOCUMENTS\CSE386\OPENGLCSE386\OPENGLCSE386\RELEASE\VC110.PDB
D:\NICK\DOCUMENTS\CSE386\OPENGLCSE386\RELEASE\OPENGLCSE386.LIB
C:\Users\Doug\CSE386FinalProject\OpenGlCse386\OpenGlCse386\Release\BuildShaderProgram.obj
C:\Users\Doug\CSE386FinalProject\OpenGlCse386\OpenGlCse386\Release\Cone.obj
C:\Users\Doug\CSE386FinalProject\OpenGlCse386\OpenGlCse386\Release\Controller.obj
C:\Users\Doug\CSE386FinalProject\OpenGlCse386\OpenGlCse386\Release\Cube.obj
C:\Users\Doug\CSE386FinalProject\OpenGlCse386\OpenGlCse386\Release\Cylinder.obj
C:\Users\Doug\CSE386FinalProject\OpenGlCse386\OpenGlCse386\Release\Floor.obj
C:\Users\Doug\CSE386FinalProject\OpenGlCse386\OpenGlCse386\Release\Floor2.obj
C:\Users\Doug\CSE386FinalProject\OpenGlCse386\OpenGlCse386\Release\glutBase.obj
C:\Users\Doug\CSE386FinalProject\OpenGlCse386\OpenGlCse386\Release\GlutObject.obj
C:\Users\Doug\CSE386FinalProject\OpenGlCse386\OpenGlCse386\Release\Material.obj
C:\Users\Doug\CSE386FinalProject\OpenGlCse386\OpenGlCse386\Release\OpenGLApplicationBase.obj
C:\Users\Doug\CSE386FinalProject\OpenGlCse386\OpenGlCse386\Release\OrbitController.obj
C:\Users\Doug\CSE386FinalProject\OpenGlCse386\OpenGlCse386\Release\Pyramid.obj
C:\Users\Doug\CSE386FinalProject\OpenGlCse386\OpenGlCse386\Release\SharedProjectionAndViewing.obj
C:\Users\Doug\CSE386FinalProject\OpenGlCse386\OpenGlCse386\Release\Sphere.obj
C:\Users\Doug\CSE386FinalProject\OpenGlCse386\OpenGlCse386\Release\SpinnerController.obj
C:\Users\Doug\CSE386FinalProject\OpenGlCse386\OpenGlCse386\Release\textureCoordinates.obj
C:\Users\Doug\CSE386FinalProject\OpenGlCse386\OpenGlCse386\Release\Torus.obj
C:\Users\Doug\CSE386FinalProject\OpenGlCse386\OpenGlCse386\Release\VisualObject.obj
C:\Users\Doug\CSE386FinalProject\OpenGlCse386\OpenGlCse386\Release\WaypointController.obj
C:\Users\Doug\CSE386FinalProject\OpenGlCse386\OpenGlCse386\Release\WaypointControllercpp.obj
C:\Users\Doug\CSE386FinalProject\OpenGlCse386\OpenGlCse386\Release\cl.command.1.tlog
C:\Users\Doug\CSE386FinalProject\OpenGlCse386\OpenGlCse386\Release\CL.read.1.tlog
C:\Users\Doug\CSE386FinalProject\OpenGlCse386\OpenGlCse386\Release\CL.write.1.tlog
C:\Users\Doug\CSE386FinalProject\OpenGlCse386\OpenGlCse386\Release\Lib-link.read.1.tlog
C:\Users\Doug\CSE386FinalProject\OpenGlCse386\OpenGlCse386\Release\Lib-link.write.1.tlog
C:\Users\Doug\CSE386FinalProject\OpenGlCse386\OpenGlCse386\Release\lib.command.1.tlog
C:\Users\Doug\CSE386FinalProject\OpenGlCse386\OpenGlCse386\Release\Lib.read.1.tlog
C:\Users\Doug\CSE386FinalProject\OpenGlCse386\OpenGlCse386\Release\vc110.pdb
C:\Users\Doug\CSE386FinalProject\OpenGlCse386\Release\OpenGlCse386.lib
