M:\CSE386\OPENGLCSE386\CONTINNDLAB3\RELEASE\FIGUREONE.OBJ
M:\CSE386\OPENGLCSE386\CONTINNDLAB3\RELEASE\CONTINNDLAB3.OBJ
M:\CSE386\OPENGLCSE386\CONTINNDLAB3\RELEASE\VC110.PDB
M:\CSE386\OPENGLCSE386\RELEASE\CONTINNDLAB3.EXE
M:\CSE386\OPENGLCSE386\RELEASE\CONTINNDLAB3.PDB
M:\CSE386\OpenGlCse386\continndLab3\Release\continndLab3.obj
M:\CSE386\OpenGlCse386\continndLab3\Release\FigureOne.obj
M:\CSE386\OpenGlCse386\continndLab3\Release\cl.command.1.tlog
M:\CSE386\OpenGlCse386\continndLab3\Release\CL.read.1.tlog
M:\CSE386\OpenGlCse386\continndLab3\Release\CL.write.1.tlog
M:\CSE386\OpenGlCse386\continndLab3\Release\link-cvtres.read.1.tlog
M:\CSE386\OpenGlCse386\continndLab3\Release\link-cvtres.write.1.tlog
M:\CSE386\OpenGlCse386\continndLab3\Release\link-rc.read.1.tlog
M:\CSE386\OpenGlCse386\continndLab3\Release\link-rc.write.1.tlog
M:\CSE386\OpenGlCse386\continndLab3\Release\link.command.1.tlog
M:\CSE386\OpenGlCse386\continndLab3\Release\link.read.1.tlog
M:\CSE386\OpenGlCse386\continndLab3\Release\link.write.1.tlog
M:\CSE386\OpenGlCse386\continndLab3\Release\vc110.pdb
M:\CSE386\OpenGlCse386\Release\continndLab3.pdb
M:\CSE386\OpenGlCse386\Release\continndLab3.exe
