Build started 10/29/2014 5:43:46 PM.
     1>Project "D:\Nick\Documents\CSE386\OpenGlCse386\continndLab3\continndLab3.vcxproj" on node 3 (Build target(s)).
     1>ClCompile:
         D:\Program Files (x86)\Microsoft Visual Studio 11.0\VC\bin\CL.exe /c /I..\Include /Zi /nologo /W3 /WX- /sdl /O2 /Oi /Oy- /GL /D WIN32 /D NDEBUG /D _CONSOLE /D _UNICODE /D UNICODE /Gm- /EHsc /MD /GS /Gy /fp:precise /Zc:wchar_t /Zc:forScope /Fo"Release\\" /Fd"Release\vc110.pdb" /Gd /TP /analyze- /errorReport:prompt FigureFive.cpp FigureFour.cpp FigureOne.cpp FigureSeven.cpp FigureSix.cpp FigureThree.cpp FigureTwo.cpp continndLab3.cpp
         FigureFive.cpp
         FigureFour.cpp
         FigureOne.cpp
         FigureSeven.cpp
         FigureSix.cpp
         FigureThree.cpp
         FigureTwo.cpp
         continndLab3.cpp
       Link:
         D:\Program Files (x86)\Microsoft Visual Studio 11.0\VC\bin\link.exe /ERRORREPORT:PROMPT /OUT:"D:\Nick\Documents\CSE386\OpenGlCse386\Release\continndLab3.exe" /INCREMENTAL:NO /NOLOGO /LIBPATH:..\Lib glew32.lib freeglut.lib OpenGlCse386.lib kernel32.lib user32.lib gdi32.lib winspool.lib comdlg32.lib advapi32.lib shell32.lib ole32.lib oleaut32.lib uuid.lib odbc32.lib odbccp32.lib kernel32.lib user32.lib gdi32.lib winspool.lib comdlg32.lib advapi32.lib shell32.lib ole32.lib oleaut32.lib uuid.lib odbc32.lib odbccp32.lib /MANIFEST /MANIFESTUAC:"level='asInvoker' uiAccess='false'" /manifest:embed /DEBUG /PDB:"D:\Nick\Documents\CSE386\OpenGlCse386\Release\continndLab3.pdb" /SUBSYSTEM:CONSOLE /OPT:REF /OPT:ICF /LTCG /TLBID:1 /DYNAMICBASE /NXCOMPAT /IMPLIB:"D:\Nick\Documents\CSE386\OpenGlCse386\Release\continndLab3.lib" /MACHINE:X86 /SAFESEH Release\continndLab3.obj
         Release\FigureFive.obj
         Release\FigureFour.obj
         Release\FigureOne.obj
         Release\FigureSeven.obj
         Release\FigureSix.obj
         Release\FigureThree.obj
         Release\FigureTwo.obj
         Generating code
         Finished generating code
         continndLab3.vcxproj -> D:\Nick\Documents\CSE386\OpenGlCse386\Release\continndLab3.exe
     1>Done Building Project "D:\Nick\Documents\CSE386\OpenGlCse386\continndLab3\continndLab3.vcxproj" (Build target(s)).

Build succeeded.

Time Elapsed 00:00:08.76
