D:\NICK\DOCUMENTS\CSE386\OPENGLCSE386\OPENGLCSE386\DEBUG\BUILDSHADERPROGRAM.OBJ
D:\NICK\DOCUMENTS\CSE386\OPENGLCSE386\OPENGLCSE386\DEBUG\CONE.OBJ
D:\NICK\DOCUMENTS\CSE386\OPENGLCSE386\OPENGLCSE386\DEBUG\CONTROLLER.OBJ
D:\NICK\DOCUMENTS\CSE386\OPENGLCSE386\OPENGLCSE386\DEBUG\CUBE.OBJ
D:\NICK\DOCUMENTS\CSE386\OPENGLCSE386\OPENGLCSE386\DEBUG\CYLINDER.OBJ
D:\NICK\DOCUMENTS\CSE386\OPENGLCSE386\OPENGLCSE386\DEBUG\FLOOR.OBJ
D:\NICK\DOCUMENTS\CSE386\OPENGLCSE386\OPENGLCSE386\DEBUG\FLOOR2.OBJ
D:\NICK\DOCUMENTS\CSE386\OPENGLCSE386\OPENGLCSE386\DEBUG\GLUTBASE.OBJ
D:\NICK\DOCUMENTS\CSE386\OPENGLCSE386\OPENGLCSE386\DEBUG\GLUTOBJECT.OBJ
D:\NICK\DOCUMENTS\CSE386\OPENGLCSE386\OPENGLCSE386\DEBUG\MATERIAL.OBJ
D:\NICK\DOCUMENTS\CSE386\OPENGLCSE386\OPENGLCSE386\DEBUG\OPENGLAPPLICATIONBASE.OBJ
D:\NICK\DOCUMENTS\CSE386\OPENGLCSE386\OPENGLCSE386\DEBUG\ORBITCONTROLLER.OBJ
D:\NICK\DOCUMENTS\CSE386\OPENGLCSE386\OPENGLCSE386\DEBUG\PYRAMID.OBJ
D:\NICK\DOCUMENTS\CSE386\OPENGLCSE386\OPENGLCSE386\DEBUG\SHAREDPROJECTIONANDVIEWING.OBJ
D:\NICK\DOCUMENTS\CSE386\OPENGLCSE386\OPENGLCSE386\DEBUG\SPHERE.OBJ
D:\NICK\DOCUMENTS\CSE386\OPENGLCSE386\OPENGLCSE386\DEBUG\SPINNERCONTROLLER.OBJ
D:\NICK\DOCUMENTS\CSE386\OPENGLCSE386\OPENGLCSE386\DEBUG\TEXTURECOORDINATES.OBJ
D:\NICK\DOCUMENTS\CSE386\OPENGLCSE386\OPENGLCSE386\DEBUG\TORUS.OBJ
D:\NICK\DOCUMENTS\CSE386\OPENGLCSE386\OPENGLCSE386\DEBUG\VISUALOBJECT.OBJ
D:\NICK\DOCUMENTS\CSE386\OPENGLCSE386\OPENGLCSE386\DEBUG\WAYPOINTCONTROLLER.OBJ
D:\NICK\DOCUMENTS\CSE386\OPENGLCSE386\OPENGLCSE386\DEBUG\VC110.PDB
D:\NICK\DOCUMENTS\CSE386\OPENGLCSE386\DEBUG\OPENGLCSE386.LIB
D:\Nick\Documents\CSE386\OpenGlCse386\OpenGlCse386\Debug\BuildShaderProgram.obj
D:\Nick\Documents\CSE386\OpenGlCse386\OpenGlCse386\Debug\Cone.obj
D:\Nick\Documents\CSE386\OpenGlCse386\OpenGlCse386\Debug\Controller.obj
D:\Nick\Documents\CSE386\OpenGlCse386\OpenGlCse386\Debug\Cube.obj
D:\Nick\Documents\CSE386\OpenGlCse386\OpenGlCse386\Debug\Cylinder.obj
D:\Nick\Documents\CSE386\OpenGlCse386\OpenGlCse386\Debug\Floor.obj
D:\Nick\Documents\CSE386\OpenGlCse386\OpenGlCse386\Debug\Floor2.obj
D:\Nick\Documents\CSE386\OpenGlCse386\OpenGlCse386\Debug\glutBase.obj
D:\Nick\Documents\CSE386\OpenGlCse386\OpenGlCse386\Debug\GlutObject.obj
D:\Nick\Documents\CSE386\OpenGlCse386\OpenGlCse386\Debug\Material.obj
D:\Nick\Documents\CSE386\OpenGlCse386\OpenGlCse386\Debug\OpenGLApplicationBase.obj
D:\Nick\Documents\CSE386\OpenGlCse386\OpenGlCse386\Debug\OrbitController.obj
D:\Nick\Documents\CSE386\OpenGlCse386\OpenGlCse386\Debug\Pyramid.obj
D:\Nick\Documents\CSE386\OpenGlCse386\OpenGlCse386\Debug\SharedProjectionAndViewing.obj
D:\Nick\Documents\CSE386\OpenGlCse386\OpenGlCse386\Debug\Sphere.obj
D:\Nick\Documents\CSE386\OpenGlCse386\OpenGlCse386\Debug\SpinnerController.obj
D:\Nick\Documents\CSE386\OpenGlCse386\OpenGlCse386\Debug\textureCoordinates.obj
D:\Nick\Documents\CSE386\OpenGlCse386\OpenGlCse386\Debug\Torus.obj
D:\Nick\Documents\CSE386\OpenGlCse386\OpenGlCse386\Debug\VisualObject.obj
D:\Nick\Documents\CSE386\OpenGlCse386\OpenGlCse386\Debug\WaypointController.obj
D:\Nick\Documents\CSE386\OpenGlCse386\OpenGlCse386\Debug\cl.command.1.tlog
D:\Nick\Documents\CSE386\OpenGlCse386\OpenGlCse386\Debug\CL.read.1.tlog
D:\Nick\Documents\CSE386\OpenGlCse386\OpenGlCse386\Debug\CL.write.1.tlog
D:\Nick\Documents\CSE386\OpenGlCse386\OpenGlCse386\Debug\Lib-link.read.1.tlog
D:\Nick\Documents\CSE386\OpenGlCse386\OpenGlCse386\Debug\Lib-link.write.1.tlog
D:\Nick\Documents\CSE386\OpenGlCse386\OpenGlCse386\Debug\lib.command.1.tlog
D:\Nick\Documents\CSE386\OpenGlCse386\OpenGlCse386\Debug\vc110.idb
D:\Nick\Documents\CSE386\OpenGlCse386\OpenGlCse386\Debug\vc110.pdb
D:\Nick\Documents\CSE386\OpenGlCse386\Debug\OpenGlCse386.lib
