M:\CSE386FINALPROJECT\OPENGLCSE386\FINALPROJECT\RELEASE\BLASEDDCONTINNDFINALPROJECT.OBJ
M:\CSE386FINALPROJECT\OPENGLCSE386\FINALPROJECT\RELEASE\PIG.OBJ
M:\CSE386FINALPROJECT\OPENGLCSE386\FINALPROJECT\RELEASE\VC110.PDB
M:\CSE386FINALPROJECT\OPENGLCSE386\RELEASE\FINALPROJECT.EXE
M:\CSE386FINALPROJECT\OPENGLCSE386\RELEASE\FINALPROJECT.PDB
M:\CSE386FinalProject\OpenGlCse386\FinalProject\Release\blaseddContinndFinalProject.obj
M:\CSE386FinalProject\OpenGlCse386\FinalProject\Release\Pig.obj
M:\CSE386FinalProject\OpenGlCse386\FinalProject\Release\cl.command.1.tlog
M:\CSE386FinalProject\OpenGlCse386\FinalProject\Release\CL.read.1.tlog
M:\CSE386FinalProject\OpenGlCse386\FinalProject\Release\CL.write.1.tlog
M:\CSE386FinalProject\OpenGlCse386\FinalProject\Release\link-cvtres.read.1.tlog
M:\CSE386FinalProject\OpenGlCse386\FinalProject\Release\link-cvtres.write.1.tlog
M:\CSE386FinalProject\OpenGlCse386\FinalProject\Release\link-rc.read.1.tlog
M:\CSE386FinalProject\OpenGlCse386\FinalProject\Release\link-rc.write.1.tlog
M:\CSE386FinalProject\OpenGlCse386\FinalProject\Release\link.command.1.tlog
M:\CSE386FinalProject\OpenGlCse386\FinalProject\Release\link.read.1.tlog
M:\CSE386FinalProject\OpenGlCse386\FinalProject\Release\link.write.1.tlog
M:\CSE386FinalProject\OpenGlCse386\FinalProject\Release\vc110.pdb
M:\CSE386FinalProject\OpenGlCse386\Release\FinalProject.pdb
M:\CSE386FinalProject\OpenGlCse386\Release\FinalProject.exe
