Build started 11/11/2014 3:58:10 AM.
     1>Project "D:\Nick\Documents\CSE386\OpenGlCse386\Project1Continnd\Project1Continnd.vcxproj" on node 2 (Build target(s)).
     1>ClCompile:
         D:\Program Files (x86)\Microsoft Visual Studio 11.0\VC\bin\CL.exe /c /I..\Include /Zi /nologo /W3 /WX- /sdl /O2 /Oi /Oy- /GL /D WIN32 /D NDEBUG /D _CONSOLE /D _UNICODE /D UNICODE /Gm- /EHsc /MD /GS /Gy /fp:precise /Zc:wchar_t /Zc:forScope /Fo"Release\\" /Fd"Release\vc110.pdb" /Gd /TP /analyze- /errorReport:prompt Project1Continnd.cpp
         Project1Continnd.cpp
       Link:
         D:\Program Files (x86)\Microsoft Visual Studio 11.0\VC\bin\link.exe /ERRORREPORT:PROMPT /OUT:"D:\Nick\Documents\CSE386\OpenGlCse386\Release\Project1Continnd.exe" /INCREMENTAL:NO /NOLOGO /LIBPATH:..\Lib glew32.lib freeglut.lib OpenGlCse386.lib kernel32.lib user32.lib gdi32.lib winspool.lib comdlg32.lib advapi32.lib shell32.lib ole32.lib oleaut32.lib uuid.lib odbc32.lib odbccp32.lib kernel32.lib user32.lib gdi32.lib winspool.lib comdlg32.lib advapi32.lib shell32.lib ole32.lib oleaut32.lib uuid.lib odbc32.lib odbccp32.lib /MANIFEST /MANIFESTUAC:"level='asInvoker' uiAccess='false'" /manifest:embed /DEBUG /PDB:"D:\Nick\Documents\CSE386\OpenGlCse386\Release\Project1Continnd.pdb" /SUBSYSTEM:CONSOLE /OPT:REF /OPT:ICF /LTCG /TLBID:1 /DYNAMICBASE /NXCOMPAT /IMPLIB:"D:\Nick\Documents\CSE386\OpenGlCse386\Release\Project1Continnd.lib" /MACHINE:X86 /SAFESEH Release\AimController.obj
         Release\glutCone.obj
         Release\glutCube.obj
         Release\glutCylinder.obj
         Release\glutSphere.obj
         Release\Project1Continnd.obj
         Release\shiftController.obj
         Release\ProjectileController.obj
         Release\Atom.obj
         Release\Turret.obj
         Generating code
         Finished generating code
         Project1Continnd.vcxproj -> D:\Nick\Documents\CSE386\OpenGlCse386\Release\Project1Continnd.exe
     1>Done Building Project "D:\Nick\Documents\CSE386\OpenGlCse386\Project1Continnd\Project1Continnd.vcxproj" (Build target(s)).

Build succeeded.

Time Elapsed 00:00:07.96
