D:\NICK\DOCUMENTS\CSE386\OPENGLCSE386\PROJECT1CONTINND\RELEASE\PROJECT1CONTINND.OBJ
D:\NICK\DOCUMENTS\CSE386\OPENGLCSE386\PROJECT1CONTINND\RELEASE\GLUTCYLINDER.OBJ
D:\NICK\DOCUMENTS\CSE386\OPENGLCSE386\PROJECT1CONTINND\RELEASE\TURRET.OBJ
D:\NICK\DOCUMENTS\CSE386\OPENGLCSE386\PROJECT1CONTINND\RELEASE\SHIFTCONTROLLER.OBJ
D:\NICK\DOCUMENTS\CSE386\OPENGLCSE386\PROJECT1CONTINND\RELEASE\GLUTSPHERE.OBJ
D:\NICK\DOCUMENTS\CSE386\OPENGLCSE386\PROJECT1CONTINND\RELEASE\AIMCONTROLLER.OBJ
D:\NICK\DOCUMENTS\CSE386\OPENGLCSE386\PROJECT1CONTINND\RELEASE\PROJECTILECONTROLLER.OBJ
D:\NICK\DOCUMENTS\CSE386\OPENGLCSE386\PROJECT1CONTINND\RELEASE\GLUTCUBE.OBJ
D:\NICK\DOCUMENTS\CSE386\OPENGLCSE386\PROJECT1CONTINND\RELEASE\GLUTCONE.OBJ
D:\NICK\DOCUMENTS\CSE386\OPENGLCSE386\PROJECT1CONTINND\RELEASE\VC110.PDB
D:\NICK\DOCUMENTS\CSE386\OPENGLCSE386\PROJECT1CONTINND\RELEASE\ATOM.OBJ
D:\NICK\DOCUMENTS\CSE386\OPENGLCSE386\RELEASE\PROJECT1CONTINND.EXE
D:\NICK\DOCUMENTS\CSE386\OPENGLCSE386\RELEASE\PROJECT1CONTINND.PDB
C:\Users\Doug\CSE386FinalProject\OpenGlCse386\Project1Continnd\Release\AimController.obj
C:\Users\Doug\CSE386FinalProject\OpenGlCse386\Project1Continnd\Release\Atom.obj
C:\Users\Doug\CSE386FinalProject\OpenGlCse386\Project1Continnd\Release\glutCone.obj
C:\Users\Doug\CSE386FinalProject\OpenGlCse386\Project1Continnd\Release\glutCube.obj
C:\Users\Doug\CSE386FinalProject\OpenGlCse386\Project1Continnd\Release\glutCylinder.obj
C:\Users\Doug\CSE386FinalProject\OpenGlCse386\Project1Continnd\Release\glutSphere.obj
C:\Users\Doug\CSE386FinalProject\OpenGlCse386\Project1Continnd\Release\Project1Continnd.obj
C:\Users\Doug\CSE386FinalProject\OpenGlCse386\Project1Continnd\Release\ProjectileController.obj
C:\Users\Doug\CSE386FinalProject\OpenGlCse386\Project1Continnd\Release\shiftController.obj
C:\Users\Doug\CSE386FinalProject\OpenGlCse386\Project1Continnd\Release\Turret.obj
C:\Users\Doug\CSE386FinalProject\OpenGlCse386\Project1Continnd\Release\cl.command.1.tlog
C:\Users\Doug\CSE386FinalProject\OpenGlCse386\Project1Continnd\Release\CL.read.1.tlog
C:\Users\Doug\CSE386FinalProject\OpenGlCse386\Project1Continnd\Release\CL.write.1.tlog
C:\Users\Doug\CSE386FinalProject\OpenGlCse386\Project1Continnd\Release\link-cvtres.read.1.tlog
C:\Users\Doug\CSE386FinalProject\OpenGlCse386\Project1Continnd\Release\link-cvtres.write.1.tlog
C:\Users\Doug\CSE386FinalProject\OpenGlCse386\Project1Continnd\Release\link-rc.read.1.tlog
C:\Users\Doug\CSE386FinalProject\OpenGlCse386\Project1Continnd\Release\link-rc.write.1.tlog
C:\Users\Doug\CSE386FinalProject\OpenGlCse386\Project1Continnd\Release\link.command.1.tlog
C:\Users\Doug\CSE386FinalProject\OpenGlCse386\Project1Continnd\Release\link.read.1.tlog
C:\Users\Doug\CSE386FinalProject\OpenGlCse386\Project1Continnd\Release\link.read.2.tlog
C:\Users\Doug\CSE386FinalProject\OpenGlCse386\Project1Continnd\Release\link.read.3.tlog
C:\Users\Doug\CSE386FinalProject\OpenGlCse386\Project1Continnd\Release\link.read.4.tlog
C:\Users\Doug\CSE386FinalProject\OpenGlCse386\Project1Continnd\Release\link.write.1.tlog
C:\Users\Doug\CSE386FinalProject\OpenGlCse386\Project1Continnd\Release\vc110.pdb
C:\Users\Doug\CSE386FinalProject\OpenGlCse386\Release\Project1Continnd.pdb
C:\Users\Doug\CSE386FinalProject\OpenGlCse386\Release\Project1Continnd.exe
