D:\NICK\DOCUMENTS\CSE386\OPENGLCSE386\CONTINNDLAB8\DEBUG\CONTINNDLAB8.OBJ
D:\NICK\DOCUMENTS\CSE386\OPENGLCSE386\CONTINNDLAB8\DEBUG\VC110.PDB
D:\NICK\DOCUMENTS\CSE386\OPENGLCSE386\DEBUG\CONTINNDLAB8.ILK
D:\NICK\DOCUMENTS\CSE386\OPENGLCSE386\DEBUG\CONTINNDLAB8.EXE
D:\NICK\DOCUMENTS\CSE386\OPENGLCSE386\DEBUG\CONTINNDLAB8.PDB
D:\Nick\Documents\CSE386\OpenGlCse386\continndLab8\Debug\continndLab8.obj
D:\Nick\Documents\CSE386\OpenGlCse386\continndLab8\Debug\cl.command.1.tlog
D:\Nick\Documents\CSE386\OpenGlCse386\continndLab8\Debug\CL.read.1.tlog
D:\Nick\Documents\CSE386\OpenGlCse386\continndLab8\Debug\CL.write.1.tlog
D:\Nick\Documents\CSE386\OpenGlCse386\continndLab8\Debug\link-cvtres.read.1.tlog
D:\Nick\Documents\CSE386\OpenGlCse386\continndLab8\Debug\link-cvtres.write.1.tlog
D:\Nick\Documents\CSE386\OpenGlCse386\continndLab8\Debug\link-rc.read.1.tlog
D:\Nick\Documents\CSE386\OpenGlCse386\continndLab8\Debug\link-rc.write.1.tlog
D:\Nick\Documents\CSE386\OpenGlCse386\continndLab8\Debug\link.2948-cvtres.read.1.tlog
D:\Nick\Documents\CSE386\OpenGlCse386\continndLab8\Debug\link.2948-cvtres.write.1.tlog
D:\Nick\Documents\CSE386\OpenGlCse386\continndLab8\Debug\link.2948-rc.read.1.tlog
D:\Nick\Documents\CSE386\OpenGlCse386\continndLab8\Debug\link.2948-rc.write.1.tlog
D:\Nick\Documents\CSE386\OpenGlCse386\continndLab8\Debug\link.2948.read.1.tlog
D:\Nick\Documents\CSE386\OpenGlCse386\continndLab8\Debug\link.2948.write.1.tlog
D:\Nick\Documents\CSE386\OpenGlCse386\continndLab8\Debug\link.4040-cvtres.read.1.tlog
D:\Nick\Documents\CSE386\OpenGlCse386\continndLab8\Debug\link.4040-cvtres.write.1.tlog
D:\Nick\Documents\CSE386\OpenGlCse386\continndLab8\Debug\link.4040-rc.read.1.tlog
D:\Nick\Documents\CSE386\OpenGlCse386\continndLab8\Debug\link.4040-rc.write.1.tlog
D:\Nick\Documents\CSE386\OpenGlCse386\continndLab8\Debug\link.4040.read.1.tlog
D:\Nick\Documents\CSE386\OpenGlCse386\continndLab8\Debug\link.4040.write.1.tlog
D:\Nick\Documents\CSE386\OpenGlCse386\continndLab8\Debug\link.6060-cvtres.read.1.tlog
D:\Nick\Documents\CSE386\OpenGlCse386\continndLab8\Debug\link.6060-cvtres.write.1.tlog
D:\Nick\Documents\CSE386\OpenGlCse386\continndLab8\Debug\link.6060-rc.read.1.tlog
D:\Nick\Documents\CSE386\OpenGlCse386\continndLab8\Debug\link.6060-rc.write.1.tlog
D:\Nick\Documents\CSE386\OpenGlCse386\continndLab8\Debug\link.6060.read.1.tlog
D:\Nick\Documents\CSE386\OpenGlCse386\continndLab8\Debug\link.6060.write.1.tlog
D:\Nick\Documents\CSE386\OpenGlCse386\continndLab8\Debug\link.6532-cvtres.read.1.tlog
D:\Nick\Documents\CSE386\OpenGlCse386\continndLab8\Debug\link.6532-cvtres.write.1.tlog
D:\Nick\Documents\CSE386\OpenGlCse386\continndLab8\Debug\link.6532-rc.read.1.tlog
D:\Nick\Documents\CSE386\OpenGlCse386\continndLab8\Debug\link.6532-rc.write.1.tlog
D:\Nick\Documents\CSE386\OpenGlCse386\continndLab8\Debug\link.6532.read.1.tlog
D:\Nick\Documents\CSE386\OpenGlCse386\continndLab8\Debug\link.6532.write.1.tlog
D:\Nick\Documents\CSE386\OpenGlCse386\continndLab8\Debug\link.6584-cvtres.read.1.tlog
D:\Nick\Documents\CSE386\OpenGlCse386\continndLab8\Debug\link.6584-cvtres.write.1.tlog
D:\Nick\Documents\CSE386\OpenGlCse386\continndLab8\Debug\link.6584-rc.read.1.tlog
D:\Nick\Documents\CSE386\OpenGlCse386\continndLab8\Debug\link.6584-rc.write.1.tlog
D:\Nick\Documents\CSE386\OpenGlCse386\continndLab8\Debug\link.6584.read.1.tlog
D:\Nick\Documents\CSE386\OpenGlCse386\continndLab8\Debug\link.6584.write.1.tlog
D:\Nick\Documents\CSE386\OpenGlCse386\continndLab8\Debug\link.6988-cvtres.read.1.tlog
D:\Nick\Documents\CSE386\OpenGlCse386\continndLab8\Debug\link.6988-cvtres.write.1.tlog
D:\Nick\Documents\CSE386\OpenGlCse386\continndLab8\Debug\link.6988-rc.read.1.tlog
D:\Nick\Documents\CSE386\OpenGlCse386\continndLab8\Debug\link.6988-rc.write.1.tlog
D:\Nick\Documents\CSE386\OpenGlCse386\continndLab8\Debug\link.6988.read.1.tlog
D:\Nick\Documents\CSE386\OpenGlCse386\continndLab8\Debug\link.6988.write.1.tlog
D:\Nick\Documents\CSE386\OpenGlCse386\continndLab8\Debug\link.7400-cvtres.read.1.tlog
D:\Nick\Documents\CSE386\OpenGlCse386\continndLab8\Debug\link.7400-cvtres.write.1.tlog
D:\Nick\Documents\CSE386\OpenGlCse386\continndLab8\Debug\link.7400-rc.read.1.tlog
D:\Nick\Documents\CSE386\OpenGlCse386\continndLab8\Debug\link.7400-rc.write.1.tlog
D:\Nick\Documents\CSE386\OpenGlCse386\continndLab8\Debug\link.7400.read.1.tlog
D:\Nick\Documents\CSE386\OpenGlCse386\continndLab8\Debug\link.7400.write.1.tlog
D:\Nick\Documents\CSE386\OpenGlCse386\continndLab8\Debug\link.8168-cvtres.read.1.tlog
D:\Nick\Documents\CSE386\OpenGlCse386\continndLab8\Debug\link.8168-cvtres.write.1.tlog
D:\Nick\Documents\CSE386\OpenGlCse386\continndLab8\Debug\link.8168-rc.read.1.tlog
D:\Nick\Documents\CSE386\OpenGlCse386\continndLab8\Debug\link.8168-rc.write.1.tlog
D:\Nick\Documents\CSE386\OpenGlCse386\continndLab8\Debug\link.8168.read.1.tlog
D:\Nick\Documents\CSE386\OpenGlCse386\continndLab8\Debug\link.8168.write.1.tlog
D:\Nick\Documents\CSE386\OpenGlCse386\continndLab8\Debug\link.command.1.tlog
D:\Nick\Documents\CSE386\OpenGlCse386\continndLab8\Debug\link.read.1.tlog
D:\Nick\Documents\CSE386\OpenGlCse386\continndLab8\Debug\link.write.1.tlog
D:\Nick\Documents\CSE386\OpenGlCse386\continndLab8\Debug\vc110.idb
D:\Nick\Documents\CSE386\OpenGlCse386\continndLab8\Debug\vc110.pdb
D:\Nick\Documents\CSE386\OpenGlCse386\Debug\continndLab8.pdb
D:\Nick\Documents\CSE386\OpenGlCse386\Debug\continndLab8.exe
D:\Nick\Documents\CSE386\OpenGlCse386\Debug\continndLab8.ilk
