D:\NICK\DOCUMENTS\CSE386FINALPROJECT\OPENGLCSE386\FINALPROJECT\DEBUG\BLASEDDCONTINNDFINALPROJECT.OBJ
D:\NICK\DOCUMENTS\CSE386FINALPROJECT\OPENGLCSE386\FINALPROJECT\DEBUG\PIG.OBJ
D:\NICK\DOCUMENTS\CSE386FINALPROJECT\OPENGLCSE386\FINALPROJECT\DEBUG\VC110.PDB
D:\NICK\DOCUMENTS\CSE386FINALPROJECT\OPENGLCSE386\DEBUG\FINALPROJECT.ILK
D:\NICK\DOCUMENTS\CSE386FINALPROJECT\OPENGLCSE386\DEBUG\FINALPROJECT.EXE
D:\NICK\DOCUMENTS\CSE386FINALPROJECT\OPENGLCSE386\DEBUG\FINALPROJECT.PDB
M:\CSE386FinalProject\OpenGlCse386\FinalProject\Debug\blaseddContinndFinalProject.obj
M:\CSE386FinalProject\OpenGlCse386\FinalProject\Debug\Pig.obj
M:\CSE386FinalProject\OpenGlCse386\FinalProject\Debug\cl.command.1.tlog
M:\CSE386FinalProject\OpenGlCse386\FinalProject\Debug\CL.read.1.tlog
M:\CSE386FinalProject\OpenGlCse386\FinalProject\Debug\CL.write.1.tlog
M:\CSE386FinalProject\OpenGlCse386\FinalProject\Debug\link-cvtres.read.1.tlog
M:\CSE386FinalProject\OpenGlCse386\FinalProject\Debug\link-cvtres.write.1.tlog
M:\CSE386FinalProject\OpenGlCse386\FinalProject\Debug\link-rc.read.1.tlog
M:\CSE386FinalProject\OpenGlCse386\FinalProject\Debug\link-rc.write.1.tlog
M:\CSE386FinalProject\OpenGlCse386\FinalProject\Debug\link.12696-cvtres.read.1.tlog
M:\CSE386FinalProject\OpenGlCse386\FinalProject\Debug\link.12696-cvtres.write.1.tlog
M:\CSE386FinalProject\OpenGlCse386\FinalProject\Debug\link.12696-rc.read.1.tlog
M:\CSE386FinalProject\OpenGlCse386\FinalProject\Debug\link.12696-rc.write.1.tlog
M:\CSE386FinalProject\OpenGlCse386\FinalProject\Debug\link.12696.read.1.tlog
M:\CSE386FinalProject\OpenGlCse386\FinalProject\Debug\link.12696.write.1.tlog
M:\CSE386FinalProject\OpenGlCse386\FinalProject\Debug\link.12732-cvtres.read.1.tlog
M:\CSE386FinalProject\OpenGlCse386\FinalProject\Debug\link.12732-cvtres.write.1.tlog
M:\CSE386FinalProject\OpenGlCse386\FinalProject\Debug\link.12732-rc.read.1.tlog
M:\CSE386FinalProject\OpenGlCse386\FinalProject\Debug\link.12732-rc.write.1.tlog
M:\CSE386FinalProject\OpenGlCse386\FinalProject\Debug\link.12732.read.1.tlog
M:\CSE386FinalProject\OpenGlCse386\FinalProject\Debug\link.12732.write.1.tlog
M:\CSE386FinalProject\OpenGlCse386\FinalProject\Debug\link.12740-cvtres.read.1.tlog
M:\CSE386FinalProject\OpenGlCse386\FinalProject\Debug\link.12740-cvtres.write.1.tlog
M:\CSE386FinalProject\OpenGlCse386\FinalProject\Debug\link.12740-rc.read.1.tlog
M:\CSE386FinalProject\OpenGlCse386\FinalProject\Debug\link.12740-rc.write.1.tlog
M:\CSE386FinalProject\OpenGlCse386\FinalProject\Debug\link.12740.read.1.tlog
M:\CSE386FinalProject\OpenGlCse386\FinalProject\Debug\link.12740.write.1.tlog
M:\CSE386FinalProject\OpenGlCse386\FinalProject\Debug\link.12824-cvtres.read.1.tlog
M:\CSE386FinalProject\OpenGlCse386\FinalProject\Debug\link.12824-cvtres.write.1.tlog
M:\CSE386FinalProject\OpenGlCse386\FinalProject\Debug\link.12824-rc.read.1.tlog
M:\CSE386FinalProject\OpenGlCse386\FinalProject\Debug\link.12824-rc.write.1.tlog
M:\CSE386FinalProject\OpenGlCse386\FinalProject\Debug\link.12824.read.1.tlog
M:\CSE386FinalProject\OpenGlCse386\FinalProject\Debug\link.12824.write.1.tlog
M:\CSE386FinalProject\OpenGlCse386\FinalProject\Debug\link.13248-cvtres.read.1.tlog
M:\CSE386FinalProject\OpenGlCse386\FinalProject\Debug\link.13248-cvtres.write.1.tlog
M:\CSE386FinalProject\OpenGlCse386\FinalProject\Debug\link.13248-rc.read.1.tlog
M:\CSE386FinalProject\OpenGlCse386\FinalProject\Debug\link.13248-rc.write.1.tlog
M:\CSE386FinalProject\OpenGlCse386\FinalProject\Debug\link.13248.read.1.tlog
M:\CSE386FinalProject\OpenGlCse386\FinalProject\Debug\link.13248.write.1.tlog
M:\CSE386FinalProject\OpenGlCse386\FinalProject\Debug\link.1340-cvtres.read.1.tlog
M:\CSE386FinalProject\OpenGlCse386\FinalProject\Debug\link.1340-cvtres.write.1.tlog
M:\CSE386FinalProject\OpenGlCse386\FinalProject\Debug\link.1340-rc.read.1.tlog
M:\CSE386FinalProject\OpenGlCse386\FinalProject\Debug\link.1340-rc.write.1.tlog
M:\CSE386FinalProject\OpenGlCse386\FinalProject\Debug\link.1340.read.1.tlog
M:\CSE386FinalProject\OpenGlCse386\FinalProject\Debug\link.1340.write.1.tlog
M:\CSE386FinalProject\OpenGlCse386\FinalProject\Debug\link.13588-cvtres.read.1.tlog
M:\CSE386FinalProject\OpenGlCse386\FinalProject\Debug\link.13588-cvtres.write.1.tlog
M:\CSE386FinalProject\OpenGlCse386\FinalProject\Debug\link.13588-rc.read.1.tlog
M:\CSE386FinalProject\OpenGlCse386\FinalProject\Debug\link.13588-rc.write.1.tlog
M:\CSE386FinalProject\OpenGlCse386\FinalProject\Debug\link.13588.read.1.tlog
M:\CSE386FinalProject\OpenGlCse386\FinalProject\Debug\link.13588.write.1.tlog
M:\CSE386FinalProject\OpenGlCse386\FinalProject\Debug\link.13788-cvtres.read.1.tlog
M:\CSE386FinalProject\OpenGlCse386\FinalProject\Debug\link.13788-cvtres.write.1.tlog
M:\CSE386FinalProject\OpenGlCse386\FinalProject\Debug\link.13788-rc.read.1.tlog
M:\CSE386FinalProject\OpenGlCse386\FinalProject\Debug\link.13788-rc.write.1.tlog
M:\CSE386FinalProject\OpenGlCse386\FinalProject\Debug\link.13788.read.1.tlog
M:\CSE386FinalProject\OpenGlCse386\FinalProject\Debug\link.13788.write.1.tlog
M:\CSE386FinalProject\OpenGlCse386\FinalProject\Debug\link.13800-cvtres.read.1.tlog
M:\CSE386FinalProject\OpenGlCse386\FinalProject\Debug\link.13800-cvtres.write.1.tlog
M:\CSE386FinalProject\OpenGlCse386\FinalProject\Debug\link.13800-rc.read.1.tlog
M:\CSE386FinalProject\OpenGlCse386\FinalProject\Debug\link.13800-rc.write.1.tlog
M:\CSE386FinalProject\OpenGlCse386\FinalProject\Debug\link.13800.read.1.tlog
M:\CSE386FinalProject\OpenGlCse386\FinalProject\Debug\link.13800.write.1.tlog
M:\CSE386FinalProject\OpenGlCse386\FinalProject\Debug\link.14440-cvtres.read.1.tlog
M:\CSE386FinalProject\OpenGlCse386\FinalProject\Debug\link.14440-cvtres.write.1.tlog
M:\CSE386FinalProject\OpenGlCse386\FinalProject\Debug\link.14440-rc.read.1.tlog
M:\CSE386FinalProject\OpenGlCse386\FinalProject\Debug\link.14440-rc.write.1.tlog
M:\CSE386FinalProject\OpenGlCse386\FinalProject\Debug\link.14440.read.1.tlog
M:\CSE386FinalProject\OpenGlCse386\FinalProject\Debug\link.14440.write.1.tlog
M:\CSE386FinalProject\OpenGlCse386\FinalProject\Debug\link.14460-cvtres.read.1.tlog
M:\CSE386FinalProject\OpenGlCse386\FinalProject\Debug\link.14460-cvtres.write.1.tlog
M:\CSE386FinalProject\OpenGlCse386\FinalProject\Debug\link.14460-rc.read.1.tlog
M:\CSE386FinalProject\OpenGlCse386\FinalProject\Debug\link.14460-rc.write.1.tlog
M:\CSE386FinalProject\OpenGlCse386\FinalProject\Debug\link.14460.read.1.tlog
M:\CSE386FinalProject\OpenGlCse386\FinalProject\Debug\link.14460.write.1.tlog
M:\CSE386FinalProject\OpenGlCse386\FinalProject\Debug\link.14544-cvtres.read.1.tlog
M:\CSE386FinalProject\OpenGlCse386\FinalProject\Debug\link.14544-cvtres.write.1.tlog
M:\CSE386FinalProject\OpenGlCse386\FinalProject\Debug\link.14544-rc.read.1.tlog
M:\CSE386FinalProject\OpenGlCse386\FinalProject\Debug\link.14544-rc.write.1.tlog
M:\CSE386FinalProject\OpenGlCse386\FinalProject\Debug\link.14544.read.1.tlog
M:\CSE386FinalProject\OpenGlCse386\FinalProject\Debug\link.14544.write.1.tlog
M:\CSE386FinalProject\OpenGlCse386\FinalProject\Debug\link.14748-cvtres.read.1.tlog
M:\CSE386FinalProject\OpenGlCse386\FinalProject\Debug\link.14748-cvtres.write.1.tlog
M:\CSE386FinalProject\OpenGlCse386\FinalProject\Debug\link.14748-rc.read.1.tlog
M:\CSE386FinalProject\OpenGlCse386\FinalProject\Debug\link.14748-rc.write.1.tlog
M:\CSE386FinalProject\OpenGlCse386\FinalProject\Debug\link.14748.read.1.tlog
M:\CSE386FinalProject\OpenGlCse386\FinalProject\Debug\link.14748.write.1.tlog
M:\CSE386FinalProject\OpenGlCse386\FinalProject\Debug\link.14992-cvtres.read.1.tlog
M:\CSE386FinalProject\OpenGlCse386\FinalProject\Debug\link.14992-cvtres.write.1.tlog
M:\CSE386FinalProject\OpenGlCse386\FinalProject\Debug\link.14992-rc.read.1.tlog
M:\CSE386FinalProject\OpenGlCse386\FinalProject\Debug\link.14992-rc.write.1.tlog
M:\CSE386FinalProject\OpenGlCse386\FinalProject\Debug\link.14992.read.1.tlog
M:\CSE386FinalProject\OpenGlCse386\FinalProject\Debug\link.14992.write.1.tlog
M:\CSE386FinalProject\OpenGlCse386\FinalProject\Debug\link.15224-cvtres.read.1.tlog
M:\CSE386FinalProject\OpenGlCse386\FinalProject\Debug\link.15224-cvtres.write.1.tlog
M:\CSE386FinalProject\OpenGlCse386\FinalProject\Debug\link.15224-rc.read.1.tlog
M:\CSE386FinalProject\OpenGlCse386\FinalProject\Debug\link.15224-rc.write.1.tlog
M:\CSE386FinalProject\OpenGlCse386\FinalProject\Debug\link.15224.read.1.tlog
M:\CSE386FinalProject\OpenGlCse386\FinalProject\Debug\link.15224.write.1.tlog
M:\CSE386FinalProject\OpenGlCse386\FinalProject\Debug\link.15408-cvtres.read.1.tlog
M:\CSE386FinalProject\OpenGlCse386\FinalProject\Debug\link.15408-cvtres.write.1.tlog
M:\CSE386FinalProject\OpenGlCse386\FinalProject\Debug\link.15408-rc.read.1.tlog
M:\CSE386FinalProject\OpenGlCse386\FinalProject\Debug\link.15408-rc.write.1.tlog
M:\CSE386FinalProject\OpenGlCse386\FinalProject\Debug\link.15408.read.1.tlog
M:\CSE386FinalProject\OpenGlCse386\FinalProject\Debug\link.15408.write.1.tlog
M:\CSE386FinalProject\OpenGlCse386\FinalProject\Debug\link.15496-cvtres.read.1.tlog
M:\CSE386FinalProject\OpenGlCse386\FinalProject\Debug\link.15496-cvtres.write.1.tlog
M:\CSE386FinalProject\OpenGlCse386\FinalProject\Debug\link.15496-rc.read.1.tlog
M:\CSE386FinalProject\OpenGlCse386\FinalProject\Debug\link.15496-rc.write.1.tlog
M:\CSE386FinalProject\OpenGlCse386\FinalProject\Debug\link.15496.read.1.tlog
M:\CSE386FinalProject\OpenGlCse386\FinalProject\Debug\link.15496.write.1.tlog
M:\CSE386FinalProject\OpenGlCse386\FinalProject\Debug\link.15768-cvtres.read.1.tlog
M:\CSE386FinalProject\OpenGlCse386\FinalProject\Debug\link.15768-cvtres.write.1.tlog
M:\CSE386FinalProject\OpenGlCse386\FinalProject\Debug\link.15768-rc.read.1.tlog
M:\CSE386FinalProject\OpenGlCse386\FinalProject\Debug\link.15768-rc.write.1.tlog
M:\CSE386FinalProject\OpenGlCse386\FinalProject\Debug\link.15768.read.1.tlog
M:\CSE386FinalProject\OpenGlCse386\FinalProject\Debug\link.15768.write.1.tlog
M:\CSE386FinalProject\OpenGlCse386\FinalProject\Debug\link.15892-cvtres.read.1.tlog
M:\CSE386FinalProject\OpenGlCse386\FinalProject\Debug\link.15892-cvtres.write.1.tlog
M:\CSE386FinalProject\OpenGlCse386\FinalProject\Debug\link.15892-rc.read.1.tlog
M:\CSE386FinalProject\OpenGlCse386\FinalProject\Debug\link.15892-rc.write.1.tlog
M:\CSE386FinalProject\OpenGlCse386\FinalProject\Debug\link.15892.read.1.tlog
M:\CSE386FinalProject\OpenGlCse386\FinalProject\Debug\link.15892.write.1.tlog
M:\CSE386FinalProject\OpenGlCse386\FinalProject\Debug\link.16220-cvtres.read.1.tlog
M:\CSE386FinalProject\OpenGlCse386\FinalProject\Debug\link.16220-cvtres.write.1.tlog
M:\CSE386FinalProject\OpenGlCse386\FinalProject\Debug\link.16220-rc.read.1.tlog
M:\CSE386FinalProject\OpenGlCse386\FinalProject\Debug\link.16220-rc.write.1.tlog
M:\CSE386FinalProject\OpenGlCse386\FinalProject\Debug\link.16220.read.1.tlog
M:\CSE386FinalProject\OpenGlCse386\FinalProject\Debug\link.16220.write.1.tlog
M:\CSE386FinalProject\OpenGlCse386\FinalProject\Debug\link.16360-cvtres.read.1.tlog
M:\CSE386FinalProject\OpenGlCse386\FinalProject\Debug\link.16360-cvtres.write.1.tlog
M:\CSE386FinalProject\OpenGlCse386\FinalProject\Debug\link.16360-rc.read.1.tlog
M:\CSE386FinalProject\OpenGlCse386\FinalProject\Debug\link.16360-rc.write.1.tlog
M:\CSE386FinalProject\OpenGlCse386\FinalProject\Debug\link.16360.read.1.tlog
M:\CSE386FinalProject\OpenGlCse386\FinalProject\Debug\link.16360.write.1.tlog
M:\CSE386FinalProject\OpenGlCse386\FinalProject\Debug\link.16640-cvtres.read.1.tlog
M:\CSE386FinalProject\OpenGlCse386\FinalProject\Debug\link.16640-cvtres.write.1.tlog
M:\CSE386FinalProject\OpenGlCse386\FinalProject\Debug\link.16640-rc.read.1.tlog
M:\CSE386FinalProject\OpenGlCse386\FinalProject\Debug\link.16640-rc.write.1.tlog
M:\CSE386FinalProject\OpenGlCse386\FinalProject\Debug\link.16640.read.1.tlog
M:\CSE386FinalProject\OpenGlCse386\FinalProject\Debug\link.16640.write.1.tlog
M:\CSE386FinalProject\OpenGlCse386\FinalProject\Debug\link.16692-cvtres.read.1.tlog
M:\CSE386FinalProject\OpenGlCse386\FinalProject\Debug\link.16692-cvtres.write.1.tlog
M:\CSE386FinalProject\OpenGlCse386\FinalProject\Debug\link.16692-rc.read.1.tlog
M:\CSE386FinalProject\OpenGlCse386\FinalProject\Debug\link.16692-rc.write.1.tlog
M:\CSE386FinalProject\OpenGlCse386\FinalProject\Debug\link.16692.read.1.tlog
M:\CSE386FinalProject\OpenGlCse386\FinalProject\Debug\link.16692.write.1.tlog
M:\CSE386FinalProject\OpenGlCse386\FinalProject\Debug\link.17144-cvtres.read.1.tlog
M:\CSE386FinalProject\OpenGlCse386\FinalProject\Debug\link.17144-cvtres.write.1.tlog
M:\CSE386FinalProject\OpenGlCse386\FinalProject\Debug\link.17144-rc.read.1.tlog
M:\CSE386FinalProject\OpenGlCse386\FinalProject\Debug\link.17144-rc.write.1.tlog
M:\CSE386FinalProject\OpenGlCse386\FinalProject\Debug\link.17144.read.1.tlog
M:\CSE386FinalProject\OpenGlCse386\FinalProject\Debug\link.17144.write.1.tlog
M:\CSE386FinalProject\OpenGlCse386\FinalProject\Debug\link.17776-cvtres.read.1.tlog
M:\CSE386FinalProject\OpenGlCse386\FinalProject\Debug\link.17776-cvtres.write.1.tlog
M:\CSE386FinalProject\OpenGlCse386\FinalProject\Debug\link.17776-rc.read.1.tlog
M:\CSE386FinalProject\OpenGlCse386\FinalProject\Debug\link.17776-rc.write.1.tlog
M:\CSE386FinalProject\OpenGlCse386\FinalProject\Debug\link.17776.read.1.tlog
M:\CSE386FinalProject\OpenGlCse386\FinalProject\Debug\link.17776.write.1.tlog
M:\CSE386FinalProject\OpenGlCse386\FinalProject\Debug\link.18268-cvtres.read.1.tlog
M:\CSE386FinalProject\OpenGlCse386\FinalProject\Debug\link.18268-cvtres.write.1.tlog
M:\CSE386FinalProject\OpenGlCse386\FinalProject\Debug\link.18268-rc.read.1.tlog
M:\CSE386FinalProject\OpenGlCse386\FinalProject\Debug\link.18268-rc.write.1.tlog
M:\CSE386FinalProject\OpenGlCse386\FinalProject\Debug\link.18268.read.1.tlog
M:\CSE386FinalProject\OpenGlCse386\FinalProject\Debug\link.18268.write.1.tlog
M:\CSE386FinalProject\OpenGlCse386\FinalProject\Debug\link.command.1.tlog
M:\CSE386FinalProject\OpenGlCse386\FinalProject\Debug\link.read.1.tlog
M:\CSE386FinalProject\OpenGlCse386\FinalProject\Debug\link.write.1.tlog
M:\CSE386FinalProject\OpenGlCse386\FinalProject\Debug\vc110.idb
M:\CSE386FinalProject\OpenGlCse386\FinalProject\Debug\vc110.pdb
M:\CSE386FinalProject\OpenGlCse386\Debug\FinalProject.pdb
M:\CSE386FinalProject\OpenGlCse386\Debug\FinalProject.exe
M:\CSE386FinalProject\OpenGlCse386\Debug\FinalProject.ilk
