D:\NICK\DOCUMENTS\CSE386\OPENGLCSE386\CONTINNDLAB7\RELEASE\CONTINNDLAB7.OBJ
D:\NICK\DOCUMENTS\CSE386\OPENGLCSE386\CONTINNDLAB7\RELEASE\SPINNERCONTROLLER.OBJ
D:\NICK\DOCUMENTS\CSE386\OPENGLCSE386\CONTINNDLAB7\RELEASE\VC110.PDB
D:\NICK\DOCUMENTS\CSE386\OPENGLCSE386\RELEASE\CONTINNDLAB7.EXE
D:\NICK\DOCUMENTS\CSE386\OPENGLCSE386\RELEASE\CONTINNDLAB7.PDB
D:\Nick\Documents\CSE386\OpenGlCse386\continndLab7\Release\continndLab7.obj
D:\Nick\Documents\CSE386\OpenGlCse386\continndLab7\Release\SpinnerController.obj
D:\Nick\Documents\CSE386\OpenGlCse386\continndLab7\Release\cl.command.1.tlog
D:\Nick\Documents\CSE386\OpenGlCse386\continndLab7\Release\CL.read.1.tlog
D:\Nick\Documents\CSE386\OpenGlCse386\continndLab7\Release\CL.write.1.tlog
D:\Nick\Documents\CSE386\OpenGlCse386\continndLab7\Release\link-cvtres.read.1.tlog
D:\Nick\Documents\CSE386\OpenGlCse386\continndLab7\Release\link-cvtres.write.1.tlog
D:\Nick\Documents\CSE386\OpenGlCse386\continndLab7\Release\link-rc.read.1.tlog
D:\Nick\Documents\CSE386\OpenGlCse386\continndLab7\Release\link-rc.write.1.tlog
D:\Nick\Documents\CSE386\OpenGlCse386\continndLab7\Release\link.command.1.tlog
D:\Nick\Documents\CSE386\OpenGlCse386\continndLab7\Release\link.read.1.tlog
D:\Nick\Documents\CSE386\OpenGlCse386\continndLab7\Release\link.write.1.tlog
D:\Nick\Documents\CSE386\OpenGlCse386\continndLab7\Release\vc110.pdb
D:\Nick\Documents\CSE386\OpenGlCse386\Release\continndLab7.pdb
D:\Nick\Documents\CSE386\OpenGlCse386\Release\continndLab7.exe
