D:\NICK\DOCUMENTS\CSE386\OPENGLCSE386\PROJECT1CONTINND\DEBUG\AIMCONTROLLER.OBJ
D:\NICK\DOCUMENTS\CSE386\OPENGLCSE386\PROJECT1CONTINND\DEBUG\GLUTCYLINDER.OBJ
D:\NICK\DOCUMENTS\CSE386\OPENGLCSE386\PROJECT1CONTINND\DEBUG\GLUTSPHERE.OBJ
D:\NICK\DOCUMENTS\CSE386\OPENGLCSE386\PROJECT1CONTINND\DEBUG\PROJECT1CONTINND.OBJ
D:\NICK\DOCUMENTS\CSE386\OPENGLCSE386\PROJECT1CONTINND\DEBUG\SHIFTCONTROLLER.OBJ
D:\NICK\DOCUMENTS\CSE386\OPENGLCSE386\PROJECT1CONTINND\DEBUG\PROJECTILECONTROLLER.OBJ
D:\NICK\DOCUMENTS\CSE386\OPENGLCSE386\PROJECT1CONTINND\DEBUG\TURRET.OBJ
D:\NICK\DOCUMENTS\CSE386\OPENGLCSE386\PROJECT1CONTINND\DEBUG\VC110.PDB
D:\NICK\DOCUMENTS\CSE386\OPENGLCSE386\DEBUG\PROJECT1CONTINND.ILK
D:\NICK\DOCUMENTS\CSE386\OPENGLCSE386\DEBUG\PROJECT1CONTINND.EXE
D:\NICK\DOCUMENTS\CSE386\OPENGLCSE386\DEBUG\PROJECT1CONTINND.PDB
D:\Nick\Documents\CSE386\OpenGlCse386\Project1Continnd\Debug\AimController.obj
D:\Nick\Documents\CSE386\OpenGlCse386\Project1Continnd\Debug\glutCylinder.obj
D:\Nick\Documents\CSE386\OpenGlCse386\Project1Continnd\Debug\glutSphere.obj
D:\Nick\Documents\CSE386\OpenGlCse386\Project1Continnd\Debug\Project1Continnd.obj
D:\Nick\Documents\CSE386\OpenGlCse386\Project1Continnd\Debug\ProjectileController.obj
D:\Nick\Documents\CSE386\OpenGlCse386\Project1Continnd\Debug\shiftController.obj
D:\Nick\Documents\CSE386\OpenGlCse386\Project1Continnd\Debug\Turret.obj
D:\Nick\Documents\CSE386\OpenGlCse386\Project1Continnd\Debug\cl.command.1.tlog
D:\Nick\Documents\CSE386\OpenGlCse386\Project1Continnd\Debug\CL.read.1.tlog
D:\Nick\Documents\CSE386\OpenGlCse386\Project1Continnd\Debug\CL.write.1.tlog
D:\Nick\Documents\CSE386\OpenGlCse386\Project1Continnd\Debug\link-cvtres.read.1.tlog
D:\Nick\Documents\CSE386\OpenGlCse386\Project1Continnd\Debug\link-cvtres.write.1.tlog
D:\Nick\Documents\CSE386\OpenGlCse386\Project1Continnd\Debug\link-rc.read.1.tlog
D:\Nick\Documents\CSE386\OpenGlCse386\Project1Continnd\Debug\link-rc.write.1.tlog
D:\Nick\Documents\CSE386\OpenGlCse386\Project1Continnd\Debug\link.3104-cvtres.read.1.tlog
D:\Nick\Documents\CSE386\OpenGlCse386\Project1Continnd\Debug\link.3104-cvtres.write.1.tlog
D:\Nick\Documents\CSE386\OpenGlCse386\Project1Continnd\Debug\link.3104-rc.read.1.tlog
D:\Nick\Documents\CSE386\OpenGlCse386\Project1Continnd\Debug\link.3104-rc.write.1.tlog
D:\Nick\Documents\CSE386\OpenGlCse386\Project1Continnd\Debug\link.3104.read.1.tlog
D:\Nick\Documents\CSE386\OpenGlCse386\Project1Continnd\Debug\link.3104.write.1.tlog
D:\Nick\Documents\CSE386\OpenGlCse386\Project1Continnd\Debug\link.4396-cvtres.read.1.tlog
D:\Nick\Documents\CSE386\OpenGlCse386\Project1Continnd\Debug\link.4396-cvtres.write.1.tlog
D:\Nick\Documents\CSE386\OpenGlCse386\Project1Continnd\Debug\link.4396-rc.read.1.tlog
D:\Nick\Documents\CSE386\OpenGlCse386\Project1Continnd\Debug\link.4396-rc.write.1.tlog
D:\Nick\Documents\CSE386\OpenGlCse386\Project1Continnd\Debug\link.4396.read.1.tlog
D:\Nick\Documents\CSE386\OpenGlCse386\Project1Continnd\Debug\link.4396.write.1.tlog
D:\Nick\Documents\CSE386\OpenGlCse386\Project1Continnd\Debug\link.5680-cvtres.read.1.tlog
D:\Nick\Documents\CSE386\OpenGlCse386\Project1Continnd\Debug\link.5680-cvtres.write.1.tlog
D:\Nick\Documents\CSE386\OpenGlCse386\Project1Continnd\Debug\link.5680-rc.read.1.tlog
D:\Nick\Documents\CSE386\OpenGlCse386\Project1Continnd\Debug\link.5680-rc.write.1.tlog
D:\Nick\Documents\CSE386\OpenGlCse386\Project1Continnd\Debug\link.5680.read.1.tlog
D:\Nick\Documents\CSE386\OpenGlCse386\Project1Continnd\Debug\link.5680.write.1.tlog
D:\Nick\Documents\CSE386\OpenGlCse386\Project1Continnd\Debug\link.6924-cvtres.read.1.tlog
D:\Nick\Documents\CSE386\OpenGlCse386\Project1Continnd\Debug\link.6924-cvtres.write.1.tlog
D:\Nick\Documents\CSE386\OpenGlCse386\Project1Continnd\Debug\link.6924-rc.read.1.tlog
D:\Nick\Documents\CSE386\OpenGlCse386\Project1Continnd\Debug\link.6924-rc.write.1.tlog
D:\Nick\Documents\CSE386\OpenGlCse386\Project1Continnd\Debug\link.6924.read.1.tlog
D:\Nick\Documents\CSE386\OpenGlCse386\Project1Continnd\Debug\link.6924.write.1.tlog
D:\Nick\Documents\CSE386\OpenGlCse386\Project1Continnd\Debug\link.command.1.tlog
D:\Nick\Documents\CSE386\OpenGlCse386\Project1Continnd\Debug\link.read.1.tlog
D:\Nick\Documents\CSE386\OpenGlCse386\Project1Continnd\Debug\link.write.1.tlog
D:\Nick\Documents\CSE386\OpenGlCse386\Project1Continnd\Debug\vc110.idb
D:\Nick\Documents\CSE386\OpenGlCse386\Project1Continnd\Debug\vc110.pdb
D:\Nick\Documents\CSE386\OpenGlCse386\Debug\Project1Continnd.pdb
D:\Nick\Documents\CSE386\OpenGlCse386\Debug\Project1Continnd.exe
D:\Nick\Documents\CSE386\OpenGlCse386\Debug\Project1Continnd.ilk
